<?xml version="1.0" encoding="UTF-8" ?>
<testsuite errors="0" failures="1" hostname="jose-laptop" name="org.fao.geonet.csw.TestCswIsoApp"
           tests="1" time="8.847" timestamp="2010-04-26T11:37:40">
  <properties>
[...]
</properties>
  <testcase classname="org.fao.geonet.csw.TestCswIsoApp" name="testCsw" time="8.263">
    <failure message="expected:&lt;0&gt; but was:&lt;1&gt;"
             type="junit.framework.AssertionFailedError">junit.framework.AssertionFailedError:
      expected:&lt;0&gt; but was:&lt;1&gt;
      at org.fao.geonet.csw.TestCswIsoApp.testCsw(TestCswIsoApp.java:57)
    </failure>
  </testcase>
  <system-out><![CDATA[Testing csw:csw-main (s0001)...
  Assertion: Run the CSW 2.0.2 AP ISO 1.0 compliance tests
  Connection refused: connect
  FAILURE: Did not receive a csw:Capabilities document! Skipping remaining tests.
Test csw:csw-main Failed
Test csw:csw-main (s0001) Failed
]]></system-out>
  <system-err><![CDATA[26-abr-2010 13:37:40 com.occamlab.te.Test <init>
INFO: Initializing main test driver
26-abr-2010 13:37:40 com.occamlab.te.Test <init>
INFO: Using logdir C:\projects\gnTrunk\cswtest\log
26-abr-2010 13:37:41 com.occamlab.te.Test <init>
INFO: Processing source(s) at: C:\projects\gnTrunk\cswtest\resources\com\occamlab\te\scripts
26-abr-2010 13:37:42 com.occamlab.te.Test <init>
INFO: Processing source(s) at: C:\projects\gnTrunk\cswtest\scripts\csw_ap_iso1.0\ctl
]]></system-err>
</testsuite>
